# JRE version: OpenJDK Runtime Environment (8.0_212-b04) (build 1.8.0_212-release-1586-b04)
# Java VM: OpenJDK 64-Bit Server VM (25.212-b04 mixed mode windows-amd64 compressed oops)
Heap:
 PSYoungGen      total 459776K, used 182987K [0x00000000e0000000, 0x00000000ffc00000, 0x0000000100000000)
  eden space 402432K, 37% used [0x00000000e0000000,0x00000000e93f7398,0x00000000f8900000)
  from space 57344K, 54% used [0x00000000f8900000,0x00000000fa7bb9f8,0x00000000fc100000)
  to   space 56320K, 0% used [0x00000000fc500000,0x00000000fc500000,0x00000000ffc00000)
 ParOldGen       total 179712K, used 153605K [0x00000000a0000000, 0x00000000aaf80000, 0x00000000e0000000)
  object space 179712K, 85% used [0x00000000a0000000,0x00000000a96015b0,0x00000000aaf80000)
 Metaspace       used 118418K, capacity 124338K, committed 124544K, reserved 1157120K
  class space    used 15019K, capacity 16203K, committed 16256K, reserved 1048576K
GC Heap History (10 events):
Event: 1541.121 GC heap before
{Heap before GC invocations=29 (full 4):
 PSYoungGen      total 458240K, used 419773K [0x00000000e0000000, 0x0000000100000000, 0x0000000100000000)
  eden space 389120K, 100% used [0x00000000e0000000,0x00000000f7c00000,0x00000000f7c00000)
  from space 69120K, 44% used [0x00000000fbc80000,0x00000000fda6f6e0,0x0000000100000000)
  to   space 66048K, 0% used [0x00000000f7c00000,0x00000000f7c00000,0x00000000fbc80000)
 ParOldGen       total 179712K, used 130476K [0x00000000a0000000, 0x00000000aaf80000, 0x00000000e0000000)
  object space 179712K, 72% used [0x00000000a0000000,0x00000000a7f6b1a8,0x00000000aaf80000)
 Metaspace       used 113719K, capacity 119058K, committed 119296K, reserved 1153024K
  class space    used 14496K, capacity 15579K, committed 15616K, reserved 1048576K
Event: 1541.137 GC heap after
Heap after GC invocations=29 (full 4):
 PSYoungGen      total 409600K, used 20477K [0x00000000e0000000, 0x00000000ff800000, 0x0000000100000000)
  eden space 389120K, 0% used [0x00000000e0000000,0x00000000e0000000,0x00000000f7c00000)
  from space 20480K, 99% used [0x00000000f7c00000,0x00000000f8fff668,0x00000000f9000000)
  to   space 63488K, 0% used [0x00000000fba00000,0x00000000fba00000,0x00000000ff800000)
 ParOldGen       total 179712K, used 134473K [0x00000000a0000000, 0x00000000aaf80000, 0x00000000e0000000)
  object space 179712K, 74% used [0x00000000a0000000,0x00000000a8352708,0x00000000aaf80000)
 Metaspace       used 113719K, capacity 119058K, committed 119296K, reserved 1153024K
  class space    used 14496K, capacity 15579K, committed 15616K, reserved 1048576K
}
Event: 3561.331 GC heap before
{Heap before GC invocations=30 (full 4):
 PSYoungGen      total 409600K, used 409597K [0x00000000e0000000, 0x00000000ff800000, 0x0000000100000000)
  eden space 389120K, 100% used [0x00000000e0000000,0x00000000f7c00000,0x00000000f7c00000)
  from space 20480K, 99% used [0x00000000f7c00000,0x00000000f8fff668,0x00000000f9000000)
  to   space 63488K, 0% used [0x00000000fba00000,0x00000000fba00000,0x00000000ff800000)
 ParOldGen       total 179712K, used 134473K [0x00000000a0000000, 0x00000000aaf80000, 0x00000000e0000000)
  object space 179712K, 74% used [0x00000000a0000000,0x00000000a8352708,0x00000000aaf80000)
 Metaspace       used 115586K, capacity 121172K, committed 121344K, reserved 1155072K
  class space    used 14698K, capacity 15814K, committed 15872K, reserved 1048576K
Event: 3561.388 GC heap after
Heap after GC invocations=30 (full 4):
 PSYoungGen      total 455680K, used 24094K [0x00000000e0000000, 0x0000000100000000, 0x0000000100000000)
  eden space 392192K, 0% used [0x00000000e0000000,0x00000000e0000000,0x00000000f7f00000)
  from space 63488K, 37% used [0x00000000fba00000,0x00000000fd187b80,0x00000000ff800000)
  to   space 60416K, 0% used [0x00000000f7f00000,0x00000000f7f00000,0x00000000fba00000)
 ParOldGen       total 179712K, used 138740K [0x00000000a0000000, 0x00000000aaf80000, 0x00000000e0000000)
  object space 179712K, 77% used [0x00000000a0000000,0x00000000a877d1c0,0x00000000aaf80000)
 Metaspace       used 115586K, capacity 121172K, committed 121344K, reserved 1155072K
  class space    used 14698K, capacity 15814K, committed 15872K, reserved 1048576K
}
Event: 3590.394 GC heap before
{Heap before GC invocations=31 (full 4):
 PSYoungGen      total 455680K, used 416286K [0x00000000e0000000, 0x0000000100000000, 0x0000000100000000)
  eden space 392192K, 100% used [0x00000000e0000000,0x00000000f7f00000,0x00000000f7f00000)
  from space 63488K, 37% used [0x00000000fba00000,0x00000000fd187b80,0x00000000ff800000)
  to   space 60416K, 0% used [0x00000000f7f00000,0x00000000f7f00000,0x00000000fba00000)
 ParOldGen       total 179712K, used 138782K [0x00000000a0000000, 0x00000000aaf80000, 0x00000000e0000000)
  object space 179712K, 77% used [0x00000000a0000000,0x00000000a8787ae0,0x00000000aaf80000)
 Metaspace       used 117850K, capacity 123654K, committed 123776K, reserved 1157120K
  class space    used 14990K, capacity 16175K, committed 16256K, reserved 1048576K
Event: 3590.447 GC heap after
Heap after GC invocations=31 (full 4):
 PSYoungGen      total 452608K, used 13684K [0x00000000e0000000, 0x00000000ffb00000, 0x0000000100000000)
  eden space 392192K, 0% used [0x00000000e0000000,0x00000000e0000000,0x00000000f7f00000)
  from space 60416K, 22% used [0x00000000f7f00000,0x00000000f8c5d338,0x00000000fba00000)
  to   space 59392K, 0% used [0x00000000fc100000,0x00000000fc100000,0x00000000ffb00000)
 ParOldGen       total 179712K, used 150583K [0x00000000a0000000, 0x00000000aaf80000, 0x00000000e0000000)
  object space 179712K, 83% used [0x00000000a0000000,0x00000000a930dfd8,0x00000000aaf80000)
 Metaspace       used 117850K, capacity 123654K, committed 123776K, reserved 1157120K
  class space    used 14990K, capacity 16175K, committed 16256K, reserved 1048576K
}
Event: 3592.146 GC heap before
{Heap before GC invocations=32 (full 4):
 PSYoungGen      total 452608K, used 405876K [0x00000000e0000000, 0x00000000ffb00000, 0x0000000100000000)
  eden space 392192K, 100% used [0x00000000e0000000,0x00000000f7f00000,0x00000000f7f00000)
  from space 60416K, 22% used [0x00000000f7f00000,0x00000000f8c5d338,0x00000000fba00000)
  to   space 59392K, 0% used [0x00000000fc100000,0x00000000fc100000,0x00000000ffb00000)
 ParOldGen       total 179712K, used 150588K [0x00000000a0000000, 0x00000000aaf80000, 0x00000000e0000000)
  object space 179712K, 83% used [0x00000000a0000000,0x00000000a930f208,0x00000000aaf80000)
 Metaspace       used 117915K, capacity 123724K, committed 124032K, reserved 1157120K
  class space    used 14992K, capacity 16176K, committed 16256K, reserved 1048576K
Event: 3592.232 GC heap after
Heap after GC invocations=32 (full 4):
 PSYoungGen      total 461824K, used 29437K [0x00000000e0000000, 0x00000000ffb00000, 0x0000000100000000)
  eden space 402432K, 0% used [0x00000000e0000000,0x00000000e0000000,0x00000000f8900000)
  from space 59392K, 49% used [0x00000000fc100000,0x00000000fddbf678,0x00000000ffb00000)
  to   space 57344K, 0% used [0x00000000f8900000,0x00000000f8900000,0x00000000fc100000)
 ParOldGen       total 179712K, used 153120K [0x00000000a0000000, 0x00000000aaf80000, 0x00000000e0000000)
  object space 179712K, 85% used [0x00000000a0000000,0x00000000a9588210,0x00000000aaf80000)
 Metaspace       used 117915K, capacity 123724K, committed 124032K, reserved 1157120K
  class space    used 14992K, capacity 16176K, committed 16256K, reserved 1048576K
}
Event: 3626.106 GC heap before
{Heap before GC invocations=33 (full 4):
 PSYoungGen      total 461824K, used 431869K [0x00000000e0000000, 0x00000000ffb00000, 0x0000000100000000)
  eden space 402432K, 100% used [0x00000000e0000000,0x00000000f8900000,0x00000000f8900000)
  from space 59392K, 49% used [0x00000000fc100000,0x00000000fddbf678,0x00000000ffb00000)
  to   space 57344K, 0% used [0x00000000f8900000,0x00000000f8900000,0x00000000fc100000)
 ParOldGen       total 179712K, used 153120K [0x00000000a0000000, 0x00000000aaf80000, 0x00000000e0000000)
  object space 179712K, 85% used [0x00000000a0000000,0x00000000a9588210,0x00000000aaf80000)
 Metaspace       used 118280K, capacity 124210K, committed 124288K, reserved 1157120K
  class space    used 15019K, capacity 16203K, committed 16256K, reserved 1048576K
Event: 3626.192 GC heap after
Heap after GC invocations=33 (full 4):
 PSYoungGen      total 459776K, used 31470K [0x00000000e0000000, 0x00000000ffc00000, 0x0000000100000000)
  eden space 402432K, 0% used [0x00000000e0000000,0x00000000e0000000,0x00000000f8900000)
  from space 57344K, 54% used [0x00000000f8900000,0x00000000fa7bb9f8,0x00000000fc100000)
  to   space 56320K, 0% used [0x00000000fc500000,0x00000000fc500000,0x00000000ffc00000)
 ParOldGen       total 179712K, used 153605K [0x00000000a0000000, 0x00000000aaf80000, 0x00000000e0000000)
  object space 179712K, 85% used [0x00000000a0000000,0x00000000a96015b0,0x00000000aaf80000)
 Metaspace       used 118280K, capacity 124210K, committed 124288K, reserved 1157120K
  class space    used 15019K, capacity 16203K, committed 16256K, reserved 1048576K
}

