# JRE version: OpenJDK Runtime Environment (8.0_212-b04) (build 1.8.0_212-release-1586-b04)
# Java VM: OpenJDK 64-Bit Server VM (25.212-b04 mixed mode windows-amd64 compressed oops)
Heap:
 PSYoungGen      total 215040K, used 57221K [0x00000000e0000000, 0x00000000ee980000, 0x0000000100000000)
  eden space 197120K, 21% used [0x00000000e0000000,0x00000000e2878c70,0x00000000ec080000)
  from space 17920K, 88% used [0x00000000ed800000,0x00000000ee768930,0x00000000ee980000)
  to   space 20992K, 0% used [0x00000000ec080000,0x00000000ec080000,0x00000000ed500000)
 ParOldGen       total 109056K, used 57104K [0x00000000a0000000, 0x00000000a6a80000, 0x00000000e0000000)
  object space 109056K, 52% used [0x00000000a0000000,0x00000000a37c4100,0x00000000a6a80000)
 Metaspace       used 80325K, capacity 84522K, committed 84736K, reserved 1122304K
  class space    used 10634K, capacity 11475K, committed 11520K, reserved 1048576K
GC Heap History (10 events):
Event: 17.083 GC heap before
{Heap before GC invocations=19 (full 3):
 PSYoungGen      total 161280K, used 6560K [0x00000000e0000000, 0x00000000eb500000, 0x0000000100000000)
  eden space 147456K, 0% used [0x00000000e0000000,0x00000000e0000000,0x00000000e9000000)
  from space 13824K, 47% used [0x00000000e9d00000,0x00000000ea368000,0x00000000eaa80000)
  to   space 13312K, 0% used [0x00000000e9000000,0x00000000e9000000,0x00000000e9d00000)
 ParOldGen       total 76800K, used 27704K [0x00000000a0000000, 0x00000000a4b00000, 0x00000000e0000000)
  object space 76800K, 36% used [0x00000000a0000000,0x00000000a1b0e140,0x00000000a4b00000)
 Metaspace       used 56998K, capacity 59060K, committed 59160K, reserved 1099776K
  class space    used 7812K, capacity 8243K, committed 8320K, reserved 1048576K
Event: 17.484 GC heap after
Heap after GC invocations=19 (full 3):
 PSYoungGen      total 161280K, used 0K [0x00000000e0000000, 0x00000000eb500000, 0x0000000100000000)
  eden space 147456K, 0% used [0x00000000e0000000,0x00000000e0000000,0x00000000e9000000)
  from space 13824K, 0% used [0x00000000e9d00000,0x00000000e9d00000,0x00000000eaa80000)
  to   space 13312K, 0% used [0x00000000e9000000,0x00000000e9000000,0x00000000e9d00000)
 ParOldGen       total 109056K, used 32311K [0x00000000a0000000, 0x00000000a6a80000, 0x00000000e0000000)
  object space 109056K, 29% used [0x00000000a0000000,0x00000000a1f8de88,0x00000000a6a80000)
 Metaspace       used 56974K, capacity 58982K, committed 59160K, reserved 1099776K
  class space    used 7805K, capacity 8230K, committed 8320K, reserved 1048576K
}
Event: 20.416 GC heap before
{Heap before GC invocations=20 (full 3):
 PSYoungGen      total 161280K, used 147456K [0x00000000e0000000, 0x00000000eb500000, 0x0000000100000000)
  eden space 147456K, 100% used [0x00000000e0000000,0x00000000e9000000,0x00000000e9000000)
  from space 13824K, 0% used [0x00000000e9d00000,0x00000000e9d00000,0x00000000eaa80000)
  to   space 13312K, 0% used [0x00000000e9000000,0x00000000e9000000,0x00000000e9d00000)
 ParOldGen       total 109056K, used 32311K [0x00000000a0000000, 0x00000000a6a80000, 0x00000000e0000000)
  object space 109056K, 29% used [0x00000000a0000000,0x00000000a1f8de88,0x00000000a6a80000)
 Metaspace       used 62341K, capacity 65316K, committed 65408K, reserved 1105920K
  class space    used 8637K, capacity 9257K, committed 9344K, reserved 1048576K
Event: 20.440 GC heap after
Heap after GC invocations=20 (full 3):
 PSYoungGen      total 160768K, used 11775K [0x00000000e0000000, 0x00000000ec980000, 0x0000000100000000)
  eden space 147456K, 0% used [0x00000000e0000000,0x00000000e0000000,0x00000000e9000000)
  from space 13312K, 88% used [0x00000000e9000000,0x00000000e9b7feb0,0x00000000e9d00000)
  to   space 14336K, 0% used [0x00000000ebb80000,0x00000000ebb80000,0x00000000ec980000)
 ParOldGen       total 109056K, used 32319K [0x00000000a0000000, 0x00000000a6a80000, 0x00000000e0000000)
  object space 109056K, 29% used [0x00000000a0000000,0x00000000a1f8fe88,0x00000000a6a80000)
 Metaspace       used 62341K, capacity 65316K, committed 65408K, reserved 1105920K
  class space    used 8637K, capacity 9257K, committed 9344K, reserved 1048576K
}
Event: 23.012 GC heap before
{Heap before GC invocations=21 (full 3):
 PSYoungGen      total 160768K, used 159231K [0x00000000e0000000, 0x00000000ec980000, 0x0000000100000000)
  eden space 147456K, 100% used [0x00000000e0000000,0x00000000e9000000,0x00000000e9000000)
  from space 13312K, 88% used [0x00000000e9000000,0x00000000e9b7feb0,0x00000000e9d00000)
  to   space 14336K, 0% used [0x00000000ebb80000,0x00000000ebb80000,0x00000000ec980000)
 ParOldGen       total 109056K, used 32319K [0x00000000a0000000, 0x00000000a6a80000, 0x00000000e0000000)
  object space 109056K, 29% used [0x00000000a0000000,0x00000000a1f8fe88,0x00000000a6a80000)
 Metaspace       used 69410K, capacity 72572K, committed 72704K, reserved 1112064K
  class space    used 9543K, capacity 10149K, committed 10240K, reserved 1048576K
Event: 23.043 GC heap after
Heap after GC invocations=21 (full 3):
 PSYoungGen      total 188928K, used 13262K [0x00000000e0000000, 0x00000000ec980000, 0x0000000100000000)
  eden space 174592K, 0% used [0x00000000e0000000,0x00000000e0000000,0x00000000eaa80000)
  from space 14336K, 92% used [0x00000000ebb80000,0x00000000ec873810,0x00000000ec980000)
  to   space 15872K, 0% used [0x00000000eaa80000,0x00000000eaa80000,0x00000000eba00000)
 ParOldGen       total 109056K, used 40737K [0x00000000a0000000, 0x00000000a6a80000, 0x00000000e0000000)
  object space 109056K, 37% used [0x00000000a0000000,0x00000000a27c8428,0x00000000a6a80000)
 Metaspace       used 69410K, capacity 72572K, committed 72704K, reserved 1112064K
  class space    used 9543K, capacity 10149K, committed 10240K, reserved 1048576K
}
Event: 400.306 GC heap before
{Heap before GC invocations=22 (full 3):
 PSYoungGen      total 188928K, used 187854K [0x00000000e0000000, 0x00000000ec980000, 0x0000000100000000)
  eden space 174592K, 100% used [0x00000000e0000000,0x00000000eaa80000,0x00000000eaa80000)
  from space 14336K, 92% used [0x00000000ebb80000,0x00000000ec873810,0x00000000ec980000)
  to   space 15872K, 0% used [0x00000000eaa80000,0x00000000eaa80000,0x00000000eba00000)
 ParOldGen       total 109056K, used 40737K [0x00000000a0000000, 0x00000000a6a80000, 0x00000000e0000000)
  object space 109056K, 37% used [0x00000000a0000000,0x00000000a27c8428,0x00000000a6a80000)
 Metaspace       used 76017K, capacity 79964K, committed 80128K, reserved 1118208K
  class space    used 10168K, capacity 10914K, committed 11008K, reserved 1048576K
Event: 400.348 GC heap after
Heap after GC invocations=22 (full 3):
 PSYoungGen      total 190464K, used 15852K [0x00000000e0000000, 0x00000000eeb00000, 0x0000000100000000)
  eden space 174592K, 0% used [0x00000000e0000000,0x00000000e0000000,0x00000000eaa80000)
  from space 15872K, 99% used [0x00000000eaa80000,0x00000000eb9fb3c0,0x00000000eba00000)
  to   space 19456K, 0% used [0x00000000ed800000,0x00000000ed800000,0x00000000eeb00000)
 ParOldGen       total 109056K, used 44325K [0x00000000a0000000, 0x00000000a6a80000, 0x00000000e0000000)
  object space 109056K, 40% used [0x00000000a0000000,0x00000000a2b49608,0x00000000a6a80000)
 Metaspace       used 76017K, capacity 79964K, committed 80128K, reserved 1118208K
  class space    used 10168K, capacity 10914K, committed 11008K, reserved 1048576K
}
Event: 590.298 GC heap before
{Heap before GC invocations=23 (full 3):
 PSYoungGen      total 190464K, used 190444K [0x00000000e0000000, 0x00000000eeb00000, 0x0000000100000000)
  eden space 174592K, 100% used [0x00000000e0000000,0x00000000eaa80000,0x00000000eaa80000)
  from space 15872K, 99% used [0x00000000eaa80000,0x00000000eb9fb3c0,0x00000000eba00000)
  to   space 19456K, 0% used [0x00000000ed800000,0x00000000ed800000,0x00000000eeb00000)
 ParOldGen       total 109056K, used 44325K [0x00000000a0000000, 0x00000000a6a80000, 0x00000000e0000000)
  object space 109056K, 40% used [0x00000000a0000000,0x00000000a2b49608,0x00000000a6a80000)
 Metaspace       used 79487K, capacity 83776K, committed 83968K, reserved 1122304K
  class space    used 10539K, capacity 11398K, committed 11520K, reserved 1048576K
Event: 590.346 GC heap after
Heap after GC invocations=23 (full 3):
 PSYoungGen      total 215040K, used 15778K [0x00000000e0000000, 0x00000000ee980000, 0x0000000100000000)
  eden space 197120K, 0% used [0x00000000e0000000,0x00000000e0000000,0x00000000ec080000)
  from space 17920K, 88% used [0x00000000ed800000,0x00000000ee768930,0x00000000ee980000)
  to   space 20992K, 0% used [0x00000000ec080000,0x00000000ec080000,0x00000000ed500000)
 ParOldGen       total 109056K, used 57104K [0x00000000a0000000, 0x00000000a6a80000, 0x00000000e0000000)
  object space 109056K, 52% used [0x00000000a0000000,0x00000000a37c4100,0x00000000a6a80000)
 Metaspace       used 79487K, capacity 83776K, committed 83968K, reserved 1122304K
  class space    used 10539K, capacity 11398K, committed 11520K, reserved 1048576K
}

